app/build/intermediates/manifest_merge_blame_file/debug/processDebugMainManifest/manifest-merger-blame-debug-report.txt
1<?xml version="1.0" encoding="utf-8"?>
2<manifest xmlns:android="http://schemas.android.com/apk/res/android"
3    package="com.example.matadordefome"
4    android:versionCode="1"
5    android:versionName="1.0" > <!-- Permissões necessárias, adicione conforme necessário -->
6    <!-- <uses-permission android:name="android.permission.INTERNET"/> -->
7    <!-- Definindo a versão mínima e máxima da API -->
8    <uses-sdk
8-->src\main\AndroidManifest.xml:10:5-12:41
9        android:minSdkVersion="21"
9-->src\main\AndroidManifest.xml:11:9-35
10        android:targetSdkVersion="34" />
10-->src\main\AndroidManifest.xml:12:9-38
11
12    <permission
12-->[androidx.core:core:1.13.0] AndroidManifest.xml:22:5-24:47
13        android:name="com.example.matadordefome.DYNAMIC_RECEIVER_NOT_EXPORTED_PERMISSION"
13-->[androidx.core:core:1.13.0] AndroidManifest.xml:23:9-81
14        android:protectionLevel="signature" />
14-->[androidx.core:core:1.13.0] AndroidManifest.xml:24:9-44
15
16    <uses-permission android:name="com.example.matadordefome.DYNAMIC_RECEIVER_NOT_EXPORTED_PERMISSION" /> <!-- Definindo a configuração da aplicação -->
16-->[androidx.core:core:1.13.0] AndroidManifest.xml:26:5-97
16-->[androidx.core:core:1.13.0] AndroidManifest.xml:26:22-94
17    <application
17-->src\main\AndroidManifest.xml:15:5-60:19
18        android:allowBackup="true"
18-->src\main\AndroidManifest.xml:16:9-35
19        android:appComponentFactory="androidx.core.app.CoreComponentFactory"
19-->[androidx.core:core:1.13.0] AndroidManifest.xml:28:18-86
20        android:dataExtractionRules="@xml/data_extraction_rules"
20-->src\main\AndroidManifest.xml:17:9-65
21        android:debuggable="true"
22        android:extractNativeLibs="true"
23        android:fullBackupContent="@xml/backup_rules"
23-->src\main\AndroidManifest.xml:18:9-54
24        android:icon="@mipmap/ic_launcher"
24-->src\main\AndroidManifest.xml:19:9-43
25        android:label="@string/app_name"
25-->src\main\AndroidManifest.xml:20:9-41
26        android:roundIcon="@mipmap/ic_launcher_round"
26-->src\main\AndroidManifest.xml:21:9-54
27        android:supportsRtl="true"
27-->src\main\AndroidManifest.xml:22:9-35
28        android:theme="@style/Theme.Matadordefome" >
28-->src\main\AndroidManifest.xml:23:9-51
29
30        <!-- Se não houver uma MainActivity, adicione a atividade inicial -->
31        <!-- Aqui estou assumindo que a primeira atividade é a LoginActivity -->
32        <activity
32-->src\main\AndroidManifest.xml:28:9-41:20
33            android:name="com.example.matadordefome.LoginActivity"
33-->src\main\AndroidManifest.xml:29:13-42
34            android:configChanges="orientation|keyboardHidden|keyboard|screenSize"
34-->src\main\AndroidManifest.xml:32:13-83
35            android:exported="true"
35-->src\main\AndroidManifest.xml:34:13-36
36            android:label="@string/app_name"
36-->src\main\AndroidManifest.xml:30:13-45
37            android:theme="@style/Theme.Matadordefome"
37-->src\main\AndroidManifest.xml:31:13-55
38            android:windowSoftInputMode="adjustResize" >
38-->src\main\AndroidManifest.xml:33:13-55
39
40            <!-- Definindo a activity como a principal -->
41            <intent-filter>
41-->src\main\AndroidManifest.xml:37:13-40:29
42                <action android:name="android.intent.action.MAIN" />
42-->src\main\AndroidManifest.xml:38:17-69
42-->src\main\AndroidManifest.xml:38:25-66
43
44                <category android:name="android.intent.category.LAUNCHER" />
44-->src\main\AndroidManifest.xml:39:17-77
44-->src\main\AndroidManifest.xml:39:27-74
45            </intent-filter>
46        </activity>
47        <activity android:name="com.example.matadordefome.RegisterActivity" >
47-->src\main\AndroidManifest.xml:43:9-45:20
47-->src\main\AndroidManifest.xml:44:13-45
48        </activity>
49        <activity android:name="com.example.matadordefome.ProductListActivity" >
49-->src\main\AndroidManifest.xml:46:9-48:20
49-->src\main\AndroidManifest.xml:47:13-48
50        </activity>
51        <activity android:name="com.example.matadordefome.CategoryActivity" >
51-->src\main\AndroidManifest.xml:49:9-51:20
51-->src\main\AndroidManifest.xml:50:13-45
52        </activity>
53        <activity android:name="com.example.matadordefome.CartActivity" >
53-->src\main\AndroidManifest.xml:52:9-54:20
53-->src\main\AndroidManifest.xml:53:13-41
54        </activity>
55        <activity android:name="com.example.matadordefome.PaymentActivity" >
55-->src\main\AndroidManifest.xml:55:9-58:20
55-->src\main\AndroidManifest.xml:56:13-44
56        </activity>
57
58        <provider
58-->[androidx.emoji2:emoji2:1.3.0] AndroidManifest.xml:24:9-32:20
59            android:name="androidx.startup.InitializationProvider"
59-->[androidx.emoji2:emoji2:1.3.0] AndroidManifest.xml:25:13-67
60            android:authorities="com.example.matadordefome.androidx-startup"
60-->[androidx.emoji2:emoji2:1.3.0] AndroidManifest.xml:26:13-68
61            android:exported="false" >
61-->[androidx.emoji2:emoji2:1.3.0] AndroidManifest.xml:27:13-37
62            <meta-data
62-->[androidx.emoji2:emoji2:1.3.0] AndroidManifest.xml:29:13-31:52
63                android:name="androidx.emoji2.text.EmojiCompatInitializer"
63-->[androidx.emoji2:emoji2:1.3.0] AndroidManifest.xml:30:17-75
64                android:value="androidx.startup" />
64-->[androidx.emoji2:emoji2:1.3.0] AndroidManifest.xml:31:17-49
65            <meta-data
65-->[androidx.lifecycle:lifecycle-process:2.6.2] AndroidManifest.xml:29:13-31:52
66                android:name="androidx.lifecycle.ProcessLifecycleInitializer"
66-->[androidx.lifecycle:lifecycle-process:2.6.2] AndroidManifest.xml:30:17-78
67                android:value="androidx.startup" />
67-->[androidx.lifecycle:lifecycle-process:2.6.2] AndroidManifest.xml:31:17-49
68            <meta-data
68-->[androidx.profileinstaller:profileinstaller:1.4.0] AndroidManifest.xml:29:13-31:52
69                android:name="androidx.profileinstaller.ProfileInstallerInitializer"
69-->[androidx.profileinstaller:profileinstaller:1.4.0] AndroidManifest.xml:30:17-85
70                android:value="androidx.startup" />
70-->[androidx.profileinstaller:profileinstaller:1.4.0] AndroidManifest.xml:31:17-49
71        </provider>
72
73        <receiver
73-->[androidx.profileinstaller:profileinstaller:1.4.0] AndroidManifest.xml:34:9-52:20
74            android:name="androidx.profileinstaller.ProfileInstallReceiver"
74-->[androidx.profileinstaller:profileinstaller:1.4.0] AndroidManifest.xml:35:13-76
75            android:directBootAware="false"
75-->[androidx.profileinstaller:profileinstaller:1.4.0] AndroidManifest.xml:36:13-44
76            android:enabled="true"
76-->[androidx.profileinstaller:profileinstaller:1.4.0] AndroidManifest.xml:37:13-35
77            android:exported="true"
77-->[androidx.profileinstaller:profileinstaller:1.4.0] AndroidManifest.xml:38:13-36
78            android:permission="android.permission.DUMP" >
78-->[androidx.profileinstaller:profileinstaller:1.4.0] AndroidManifest.xml:39:13-57
79            <intent-filter>
79-->[androidx.profileinstaller:profileinstaller:1.4.0] AndroidManifest.xml:40:13-42:29
80                <action android:name="androidx.profileinstaller.action.INSTALL_PROFILE" />
80-->[androidx.profileinstaller:profileinstaller:1.4.0] AndroidManifest.xml:41:17-91
80-->[androidx.profileinstaller:profileinstaller:1.4.0] AndroidManifest.xml:41:25-88
81            </intent-filter>
82            <intent-filter>
82-->[androidx.profileinstaller:profileinstaller:1.4.0] AndroidManifest.xml:43:13-45:29
83                <action android:name="androidx.profileinstaller.action.SKIP_FILE" />
83-->[androidx.profileinstaller:profileinstaller:1.4.0] AndroidManifest.xml:44:17-85
83-->[androidx.profileinstaller:profileinstaller:1.4.0] AndroidManifest.xml:44:25-82
84            </intent-filter>
85            <intent-filter>
85-->[androidx.profileinstaller:profileinstaller:1.4.0] AndroidManifest.xml:46:13-48:29
86                <action android:name="androidx.profileinstaller.action.SAVE_PROFILE" />
86-->[androidx.profileinstaller:profileinstaller:1.4.0] AndroidManifest.xml:47:17-88
86-->[androidx.profileinstaller:profileinstaller:1.4.0] AndroidManifest.xml:47:25-85
87            </intent-filter>
88            <intent-filter>
88-->[androidx.profileinstaller:profileinstaller:1.4.0] AndroidManifest.xml:49:13-51:29
89                <action android:name="androidx.profileinstaller.action.BENCHMARK_OPERATION" />
89-->[androidx.profileinstaller:profileinstaller:1.4.0] AndroidManifest.xml:50:17-95
89-->[androidx.profileinstaller:profileinstaller:1.4.0] AndroidManifest.xml:50:25-92
90            </intent-filter>
91        </receiver>
92    </application>
93
94</manifest>